<?xml version="1.0" encoding="UTF-8"?>
<coverage generated="1609757998513" clover="3.2.0">
  <project timestamp="1609757998513" name="All files">
    <metrics statements="2" coveredstatements="2" conditionals="0" coveredconditionals="0" methods="2" coveredmethods="2" elements="4" coveredelements="4" complexity="0" loc="2" ncloc="2" packages="1" files="1" classes="1"/>
    <file name="Counter.vue" path="/Users/panicp/Projects/cypress-with-vuejs/src/components/Counter.vue">
      <metrics statements="2" coveredstatements="2" conditionals="0" coveredconditionals="0" methods="2" coveredmethods="2"/>
      <line num="10" count="5" type="stmt"/>
      <line num="15" count="2" type="stmt"/>
    </file>
  </project>
</coverage>
