{"/Users/panicp/Projects/cypress-with-vuejs/src/components/Counter.vue": {"path":"/Users/panicp/Projects/cypress-with-vuejs/src/components/Counter.vue","statementMap":{"0":{"start":{"line":10,"column":0},"end":{"line":12,"column":null}},"1":{"start":{"line":15,"column":0},"end":{"line":15,"column":null}}},"fnMap":{"0":{"name":"(anonymous_0)","decl":{"start":{"line":10,"column":0},"end":{"line":10,"column":null}},"loc":{"start":{"line":10,"column":0},"end":{"line":12,"column":null}}},"1":{"name":"(anonymous_1)","decl":{"start":{"line":14,"column":0},"end":{"line":14,"column":null}},"loc":{"start":{"line":14,"column":0},"end":{"line":16,"column":null}}}},"branchMap":{},"s":{"0":5,"1":2},"f":{"0":5,"1":2},"b":{}}
}
